C:\USERS\XUDAB\DESKTOP\CLEINT\SERVER_DEMO\DEBUG\MAIN.OBJ
C:\USERS\XUDAB\DESKTOP\CLEINT\SERVER_DEMO\DEBUG\PIPE.OBJ
C:\USERS\XUDAB\DESKTOP\CLEINT\SERVER_DEMO\DEBUG\SERVER.OBJ
C:\USERS\XUDAB\DESKTOP\CLEINT\SERVER_DEMO\DEBUG\VC110.PDB
C:\USERS\XUDAB\DESKTOP\CLEINT\DEBUG\SERVER_DEMO.ILK
C:\USERS\XUDAB\DESKTOP\CLEINT\DEBUG\SERVER_DEMO.EXE
C:\USERS\XUDAB\DESKTOP\CLEINT\DEBUG\SERVER_DEMO.PDB
C:\Users\xudab\Desktop\cleint\server_demo\Debug\main.obj
C:\Users\xudab\Desktop\cleint\server_demo\Debug\pipe.obj
C:\Users\xudab\Desktop\cleint\server_demo\Debug\server.obj
C:\Users\xudab\Desktop\cleint\server_demo\Debug\cl.command.1.tlog
C:\Users\xudab\Desktop\cleint\server_demo\Debug\CL.read.1.tlog
C:\Users\xudab\Desktop\cleint\server_demo\Debug\CL.write.1.tlog
C:\Users\xudab\Desktop\cleint\server_demo\Debug\link-cvtres.read.1.tlog
C:\Users\xudab\Desktop\cleint\server_demo\Debug\link-cvtres.write.1.tlog
C:\Users\xudab\Desktop\cleint\server_demo\Debug\link-rc.read.1.tlog
C:\Users\xudab\Desktop\cleint\server_demo\Debug\link-rc.write.1.tlog
C:\Users\xudab\Desktop\cleint\server_demo\Debug\link.command.1.tlog
C:\Users\xudab\Desktop\cleint\server_demo\Debug\link.read.1.tlog
C:\Users\xudab\Desktop\cleint\server_demo\Debug\link.write.1.tlog
C:\Users\xudab\Desktop\cleint\server_demo\Debug\vc110.idb
C:\Users\xudab\Desktop\cleint\server_demo\Debug\vc110.pdb
C:\Users\xudab\Desktop\cleint\Debug\server_demo.pdb
C:\Users\xudab\Desktop\cleint\Debug\server_demo.exe
C:\Users\xudab\Desktop\cleint\Debug\server_demo.ilk
